<?xml version="1.0" encoding="UTF-8" ?>
<testsuite tests="4" failures="2" name="com.laptop.bag.model.TestMyResource" time="2.025" errors="0" skipped="0">
  <properties>
[...]
</properties>
  <testcase classname="com.laptop.bag.model.TestMyResource" name="testGetEndPointWithIdNonExiting" time="1.254"/>
  <testcase classname="com.laptop.bag.model.TestMyResource" name="testPingEndPoint" time="0.15"/>
  <testcase classname="com.laptop.bag.model.TestMyResource" name="testGetAllEndPoint" time="0.475">
    <failure message="expected:&lt;[&lt;?xml version=&quot;1.0&quot; encoding=&quot;UTF-8&quot; standalone=&quot;yes&quot;?&gt;&lt;laptopDetailss&gt;&lt;Laptop&gt;&lt;BrandName&gt;Alienware&lt;/BrandName&gt;&lt;Features&gt;&lt;Feature&gt;8th Generation Intel® Core™ i5-8300H&lt;/Feature&gt;&lt;Feature&gt;Windows 10 Home 64-bit English&lt;/Feature&gt;&lt;Feature&gt;NVIDIA® GeForce® GTX 1660 Ti 6GB GDDR6&lt;/Feature&gt;&lt;Feature&gt;8GB, 2x4GB, DDR4, 2666MHz&lt;/Feature&gt;&lt;/Features&gt;&lt;Id&gt;1&lt;/Id&gt;&lt;LaptopName&gt;Alienware M17&lt;/LaptopName&gt;&lt;/Laptop&gt;&lt;/laptopDetailss&gt;]&gt; but was:&lt;[[{&quot;brandName&quot;:&quot;Alienware&quot;,&quot;features&quot;:{&quot;features&quot;:[&quot;8th Generation Intel® Core™ i5-8300H&quot;,&quot;Windows 10 Home 64-bit English&quot;,&quot;NVIDIA® GeForce® GTX 1660 Ti 6GB GDDR6&quot;,&quot;8GB, 2x4GB, DDR4, 2666MHz&quot;]},&quot;id&quot;:1,&quot;laptopName&quot;:&quot;Alienware M17&quot;}]]&gt;" type="org.junit.ComparisonFailure">org.junit.ComparisonFailure: expected:&lt;[&lt;?xml version=&quot;1.0&quot; encoding=&quot;UTF-8&quot; standalone=&quot;yes&quot;?&gt;&lt;laptopDetailss&gt;&lt;Laptop&gt;&lt;BrandName&gt;Alienware&lt;/BrandName&gt;&lt;Features&gt;&lt;Feature&gt;8th Generation Intel® Core™ i5-8300H&lt;/Feature&gt;&lt;Feature&gt;Windows 10 Home 64-bit English&lt;/Feature&gt;&lt;Feature&gt;NVIDIA® GeForce® GTX 1660 Ti 6GB GDDR6&lt;/Feature&gt;&lt;Feature&gt;8GB, 2x4GB, DDR4, 2666MHz&lt;/Feature&gt;&lt;/Features&gt;&lt;Id&gt;1&lt;/Id&gt;&lt;LaptopName&gt;Alienware M17&lt;/LaptopName&gt;&lt;/Laptop&gt;&lt;/laptopDetailss&gt;]&gt; but was:&lt;[[{&quot;brandName&quot;:&quot;Alienware&quot;,&quot;features&quot;:{&quot;features&quot;:[&quot;8th Generation Intel® Core™ i5-8300H&quot;,&quot;Windows 10 Home 64-bit English&quot;,&quot;NVIDIA® GeForce® GTX 1660 Ti 6GB GDDR6&quot;,&quot;8GB, 2x4GB, DDR4, 2666MHz&quot;]},&quot;id&quot;:1,&quot;laptopName&quot;:&quot;Alienware M17&quot;}]]&gt;
	at org.junit.Assert.assertEquals(Assert.java:115)
	at org.junit.Assert.assertEquals(Assert.java:144)
	at com.laptop.bag.model.TestMyResource.testGetAllEndPoint(TestMyResource.java:39)
	at java.base/jdk.internal.reflect.DirectMethodHandleAccessor.invoke(DirectMethodHandleAccessor.java:103)
	at java.base/java.lang.reflect.Method.invoke(Method.java:580)
	at org.junit.runners.model.FrameworkMethod$1.runReflectiveCall(FrameworkMethod.java:50)
	at org.junit.internal.runners.model.ReflectiveCallable.run(ReflectiveCallable.java:12)
	at org.junit.runners.model.FrameworkMethod.invokeExplosively(FrameworkMethod.java:47)
	at org.junit.internal.runners.statements.InvokeMethod.evaluate(InvokeMethod.java:17)
	at org.junit.internal.runners.statements.RunBefores.evaluate(RunBefores.java:26)
	at org.junit.internal.runners.statements.RunAfters.evaluate(RunAfters.java:27)
	at org.junit.runners.ParentRunner.runLeaf(ParentRunner.java:325)
	at org.junit.runners.BlockJUnit4ClassRunner.runChild(BlockJUnit4ClassRunner.java:78)
	at org.junit.runners.BlockJUnit4ClassRunner.runChild(BlockJUnit4ClassRunner.java:57)
	at org.junit.runners.ParentRunner$3.run(ParentRunner.java:290)
	at org.junit.runners.ParentRunner$1.schedule(ParentRunner.java:71)
	at org.junit.runners.ParentRunner.runChildren(ParentRunner.java:288)
	at org.junit.runners.ParentRunner.access$000(ParentRunner.java:58)
	at org.junit.runners.ParentRunner$2.evaluate(ParentRunner.java:268)
	at org.junit.runners.ParentRunner.run(ParentRunner.java:363)
	at org.apache.maven.surefire.junit4.JUnit4Provider.execute(JUnit4Provider.java:252)
	at org.apache.maven.surefire.junit4.JUnit4Provider.executeTestSet(JUnit4Provider.java:141)
	at org.apache.maven.surefire.junit4.JUnit4Provider.invoke(JUnit4Provider.java:112)
	at java.base/jdk.internal.reflect.DirectMethodHandleAccessor.invoke(DirectMethodHandleAccessor.java:103)
	at java.base/java.lang.reflect.Method.invoke(Method.java:580)
	at org.apache.maven.surefire.util.ReflectionUtils.invokeMethodWithArray(ReflectionUtils.java:189)
	at org.apache.maven.surefire.booter.ProviderFactory$ProviderProxy.invoke(ProviderFactory.java:165)
	at org.apache.maven.surefire.booter.ProviderFactory.invokeProvider(ProviderFactory.java:85)
	at org.apache.maven.surefire.booter.ForkedBooter.runSuitesInProcess(ForkedBooter.java:115)
	at org.apache.maven.surefire.booter.ForkedBooter.main(ForkedBooter.java:75)
</failure>
    <system-err>Oct 02, 2024 8:09:32 PM org.glassfish.jersey.test.grizzly.GrizzlyWebTestContainerFactory$GrizzlyWebTestContainer &lt;init&gt;
INFO: Creating GrizzlyWebTestContainer configured at the base URI http://localhost:9998/
Oct 02, 2024 8:09:32 PM org.glassfish.grizzly.servlet.WebappContext deploy
INFO: Starting application [TestContext] ...
Oct 02, 2024 8:09:32 PM org.glassfish.jersey.server.wadl.WadlFeature configure
WARNING: JAXBContext implementation could not be found. WADL feature is disabled.
Oct 02, 2024 8:09:32 PM org.glassfish.grizzly.servlet.WebappContext initServlets
INFO: [TestContext] Servlet [org.glassfish.jersey.servlet.ServletContainer] registered for url pattern(s) [[/*]].
Oct 02, 2024 8:09:32 PM org.glassfish.grizzly.servlet.WebappContext deploy
INFO: Application [TestContext] is ready to service requests.  Root: [].
Oct 02, 2024 8:09:32 PM org.glassfish.grizzly.http.server.NetworkListener start
INFO: Started listener bound to [localhost:9998]
Oct 02, 2024 8:09:32 PM org.glassfish.grizzly.http.server.HttpServer start
INFO: [HttpServer-2] Started.
[grizzly-http-server-0] INFO com.laptop.bag.exception.GenericExceptionMapper - [com.laptop.bag.model.LaptopDetails@1a70e04e]
Oct 02, 2024 8:09:33 PM org.glassfish.grizzly.http.server.NetworkListener shutdownNow
INFO: Stopped listener bound to [localhost:9998]
</system-err>
  </testcase>
  <testcase classname="com.laptop.bag.model.TestMyResource" name="testGetEndPointWithId" time="0.146">
    <failure message="expected:&lt;200&gt; but was:&lt;500&gt;" type="java.lang.AssertionError">java.lang.AssertionError: expected:&lt;200&gt; but was:&lt;500&gt;
	at org.junit.Assert.fail(Assert.java:88)
	at org.junit.Assert.failNotEquals(Assert.java:834)
	at org.junit.Assert.assertEquals(Assert.java:645)
	at org.junit.Assert.assertEquals(Assert.java:631)
	at com.laptop.bag.model.TestMyResource.testGetEndPointWithId(TestMyResource.java:45)
	at java.base/jdk.internal.reflect.DirectMethodHandleAccessor.invoke(DirectMethodHandleAccessor.java:103)
	at java.base/java.lang.reflect.Method.invoke(Method.java:580)
	at org.junit.runners.model.FrameworkMethod$1.runReflectiveCall(FrameworkMethod.java:50)
	at org.junit.internal.runners.model.ReflectiveCallable.run(ReflectiveCallable.java:12)
	at org.junit.runners.model.FrameworkMethod.invokeExplosively(FrameworkMethod.java:47)
	at org.junit.internal.runners.statements.InvokeMethod.evaluate(InvokeMethod.java:17)
	at org.junit.internal.runners.statements.RunBefores.evaluate(RunBefores.java:26)
	at org.junit.internal.runners.statements.RunAfters.evaluate(RunAfters.java:27)
	at org.junit.runners.ParentRunner.runLeaf(ParentRunner.java:325)
	at org.junit.runners.BlockJUnit4ClassRunner.runChild(BlockJUnit4ClassRunner.java:78)
	at org.junit.runners.BlockJUnit4ClassRunner.runChild(BlockJUnit4ClassRunner.java:57)
	at org.junit.runners.ParentRunner$3.run(ParentRunner.java:290)
	at org.junit.runners.ParentRunner$1.schedule(ParentRunner.java:71)
	at org.junit.runners.ParentRunner.runChildren(ParentRunner.java:288)
	at org.junit.runners.ParentRunner.access$000(ParentRunner.java:58)
	at org.junit.runners.ParentRunner$2.evaluate(ParentRunner.java:268)
	at org.junit.runners.ParentRunner.run(ParentRunner.java:363)
	at org.apache.maven.surefire.junit4.JUnit4Provider.execute(JUnit4Provider.java:252)
	at org.apache.maven.surefire.junit4.JUnit4Provider.executeTestSet(JUnit4Provider.java:141)
	at org.apache.maven.surefire.junit4.JUnit4Provider.invoke(JUnit4Provider.java:112)
	at java.base/jdk.internal.reflect.DirectMethodHandleAccessor.invoke(DirectMethodHandleAccessor.java:103)
	at java.base/java.lang.reflect.Method.invoke(Method.java:580)
	at org.apache.maven.surefire.util.ReflectionUtils.invokeMethodWithArray(ReflectionUtils.java:189)
	at org.apache.maven.surefire.booter.ProviderFactory$ProviderProxy.invoke(ProviderFactory.java:165)
	at org.apache.maven.surefire.booter.ProviderFactory.invokeProvider(ProviderFactory.java:85)
	at org.apache.maven.surefire.booter.ForkedBooter.runSuitesInProcess(ForkedBooter.java:115)
	at org.apache.maven.surefire.booter.ForkedBooter.main(ForkedBooter.java:75)
</failure>
    <system-err>Oct 02, 2024 8:09:33 PM org.glassfish.jersey.test.grizzly.GrizzlyWebTestContainerFactory$GrizzlyWebTestContainer &lt;init&gt;
INFO: Creating GrizzlyWebTestContainer configured at the base URI http://localhost:9998/
Oct 02, 2024 8:09:33 PM org.glassfish.grizzly.servlet.WebappContext deploy
INFO: Starting application [TestContext] ...
Oct 02, 2024 8:09:33 PM org.glassfish.jersey.server.wadl.WadlFeature configure
WARNING: JAXBContext implementation could not be found. WADL feature is disabled.
Oct 02, 2024 8:09:33 PM org.glassfish.grizzly.servlet.WebappContext initServlets
INFO: [TestContext] Servlet [org.glassfish.jersey.servlet.ServletContainer] registered for url pattern(s) [[/*]].
Oct 02, 2024 8:09:33 PM org.glassfish.grizzly.servlet.WebappContext deploy
INFO: Application [TestContext] is ready to service requests.  Root: [].
Oct 02, 2024 8:09:33 PM org.glassfish.grizzly.http.server.NetworkListener start
INFO: Started listener bound to [localhost:9998]
Oct 02, 2024 8:09:33 PM org.glassfish.grizzly.http.server.HttpServer start
INFO: [HttpServer-3] Started.
Oct 02, 2024 8:09:33 PM org.glassfish.jersey.message.internal.WriterInterceptorExecutor$TerminalWriterInterceptor aroundWriteTo
SEVERE: MessageBodyWriter not found for media type=application/xml, type=class com.laptop.bag.model.LaptopDetails, genericType=class com.laptop.bag.model.LaptopDetails.
Oct 02, 2024 8:09:33 PM org.glassfish.grizzly.http.server.NetworkListener shutdownNow
INFO: Stopped listener bound to [localhost:9998]
</system-err>
  </testcase>
</testsuite>