<?xml version="1.0" encoding="UTF-8" ?>
<testsuite tests="4" failures="0" name="com.laptop.bag.model.TestLapTopDetails" time="0" errors="0" skipped="0">
  <properties>
[...]
</properties>
  <testcase classname="com.laptop.bag.model.TestLapTopDetails" name="testCreationOfLaptopDetails" time="0"/>
  <testcase classname="com.laptop.bag.model.TestLapTopDetails" name="testEqualityOfTwoLaptopDetailsObject" time="0"/>
  <testcase classname="com.laptop.bag.model.TestLapTopDetails" name="testInEqualityOfTwoLaptopDetailsObjectDifferentObjType" time="0"/>
  <testcase classname="com.laptop.bag.model.TestLapTopDetails" name="testInEqualityOfTwoLaptopDetailsObject" time="0"/>
</testsuite>