<?xml version="1.0" encoding="UTF-8" ?>
<testsuite tests="4" failures="0" name="com.laptop.bag.model.TestMyResource" time="1.96" errors="0" skipped="0">
  <properties>
[...]
</properties>
  <testcase classname="com.laptop.bag.model.TestMyResource" name="testGetEndPointWithIdNonExiting" time="1.518"/>
  <testcase classname="com.laptop.bag.model.TestMyResource" name="testPingEndPoint" time="0.144"/>
  <testcase classname="com.laptop.bag.model.TestMyResource" name="testGetAllEndPoint" time="0.211"/>
  <testcase classname="com.laptop.bag.model.TestMyResource" name="testGetEndPointWithId" time="0.087"/>
</testsuite>